<?xml version="1.0" encoding="UTF-8"?>
<testsuites>
  <testsuite name="fastlane.lanes">
    
    
    
      
      <testcase classname="fastlane.lanes" name="0: default_platform" time="0.000185">
        
      </testcase>
    
      
      <testcase classname="fastlane.lanes" name="1: Switch to android clean lane" time="0.000104">
        
      </testcase>
    
      
      <testcase classname="fastlane.lanes" name="2: clean" time="1.312984">
        
      </testcase>
    
      
      <testcase classname="fastlane.lanes" name="3: Switch to android setup_variables lane" time="0.000215">
        
      </testcase>
    
      
      <testcase classname="fastlane.lanes" name="4: assemble" time="1.094445">
        
          <failure message="/Users/mohammadrezarahmani/.rbenv/versions/3.1.2/lib/ruby/gems/3.1.0/gems/fastlane-2.212.1/fastlane/lib/fastlane/actions/actions_helper.rb:67:in `execute_action&apos;&#10;/Users/mohammadrezarahmani/.rbenv/versions/3.1.2/lib/ruby/gems/3.1.0/gems/fastlane-2.212.1/fastlane/lib/fastlane/runner.rb:255:in `block in execute_action&apos;&#10;/Users/mohammadrezarahmani/.rbenv/versions/3.1.2/lib/ruby/gems/3.1.0/gems/fastlane-2.212.1/fastlane/lib/fastlane/runner.rb:229:in `chdir&apos;&#10;/Users/mohammadrezarahmani/.rbenv/versions/3.1.2/lib/ruby/gems/3.1.0/gems/fastlane-2.212.1/fastlane/lib/fastlane/runner.rb:229:in `execute_action&apos;&#10;/Users/mohammadrezarahmani/.rbenv/versions/3.1.2/lib/ruby/gems/3.1.0/gems/fastlane-2.212.1/fastlane/lib/fastlane/runner.rb:157:in `trigger_action_by_name&apos;&#10;/Users/mohammadrezarahmani/.rbenv/versions/3.1.2/lib/ruby/gems/3.1.0/gems/fastlane-2.212.1/fastlane/lib/fastlane/fast_file.rb:159:in `method_missing&apos;&#10;Fastfile:44:in `block (2 levels) in parsing_binding&apos;&#10;/Users/mohammadrezarahmani/.rbenv/versions/3.1.2/lib/ruby/gems/3.1.0/gems/fastlane-2.212.1/fastlane/lib/fastlane/lane.rb:33:in `call&apos;&#10;/Users/mohammadrezarahmani/.rbenv/versions/3.1.2/lib/ruby/gems/3.1.0/gems/fastlane-2.212.1/fastlane/lib/fastlane/runner.rb:49:in `block in execute&apos;&#10;/Users/mohammadrezarahmani/.rbenv/versions/3.1.2/lib/ruby/gems/3.1.0/gems/fastlane-2.212.1/fastlane/lib/fastlane/runner.rb:45:in `chdir&apos;&#10;/Users/mohammadrezarahmani/.rbenv/versions/3.1.2/lib/ruby/gems/3.1.0/gems/fastlane-2.212.1/fastlane/lib/fastlane/runner.rb:45:in `execute&apos;&#10;/Users/mohammadrezarahmani/.rbenv/versions/3.1.2/lib/ruby/gems/3.1.0/gems/fastlane-2.212.1/fastlane/lib/fastlane/lane_manager.rb:47:in `cruise_lane&apos;&#10;/Users/mohammadrezarahmani/.rbenv/versions/3.1.2/lib/ruby/gems/3.1.0/gems/fastlane-2.212.1/fastlane/lib/fastlane/command_line_handler.rb:36:in `handle&apos;&#10;/Users/mohammadrezarahmani/.rbenv/versions/3.1.2/lib/ruby/gems/3.1.0/gems/fastlane-2.212.1/fastlane/lib/fastlane/commands_generator.rb:110:in `block (2 levels) in run&apos;&#10;/Users/mohammadrezarahmani/.rbenv/versions/3.1.2/lib/ruby/gems/3.1.0/gems/commander-4.6.0/lib/commander/command.rb:187:in `call&apos;&#10;/Users/mohammadrezarahmani/.rbenv/versions/3.1.2/lib/ruby/gems/3.1.0/gems/commander-4.6.0/lib/commander/command.rb:157:in `run&apos;&#10;/Users/mohammadrezarahmani/.rbenv/versions/3.1.2/lib/ruby/gems/3.1.0/gems/commander-4.6.0/lib/commander/runner.rb:444:in `run_active_command&apos;&#10;/Users/mohammadrezarahmani/.rbenv/versions/3.1.2/lib/ruby/gems/3.1.0/gems/fastlane-2.212.1/fastlane_core/lib/fastlane_core/ui/fastlane_runner.rb:124:in `run!&apos;&#10;/Users/mohammadrezarahmani/.rbenv/versions/3.1.2/lib/ruby/gems/3.1.0/gems/commander-4.6.0/lib/commander/delegates.rb:18:in `run!&apos;&#10;/Users/mohammadrezarahmani/.rbenv/versions/3.1.2/lib/ruby/gems/3.1.0/gems/fastlane-2.212.1/fastlane/lib/fastlane/commands_generator.rb:354:in `run&apos;&#10;/Users/mohammadrezarahmani/.rbenv/versions/3.1.2/lib/ruby/gems/3.1.0/gems/fastlane-2.212.1/fastlane/lib/fastlane/commands_generator.rb:43:in `start&apos;&#10;/Users/mohammadrezarahmani/.rbenv/versions/3.1.2/lib/ruby/gems/3.1.0/gems/fastlane-2.212.1/fastlane/lib/fastlane/cli_tools_distributor.rb:123:in `take_off&apos;&#10;/Users/mohammadrezarahmani/.rbenv/versions/3.1.2/lib/ruby/gems/3.1.0/gems/fastlane-2.212.1/bin/fastlane:23:in `&lt;top (required)&gt;&apos;&#10;/Users/mohammadrezarahmani/.rbenv/versions/3.1.2/bin/fastlane:25:in `load&apos;&#10;/Users/mohammadrezarahmani/.rbenv/versions/3.1.2/bin/fastlane:25:in `&lt;main&gt;&apos;&#10;&#10;Exit status of command &apos;/Users/mohammadrezarahmani/AndroidStudioProjects/WeatherApp/gradlew assemble -p .&apos; was 1 instead of 0.&#10;&#10;&gt; Configure project :app&#10;app: &apos;annotationProcessor&apos; dependencies won&apos;t be recognized as kapt annotation processors. Please change the configuration name to &apos;kapt&apos; for these artifacts: &apos;com.github.bumptech.glide:compiler:4.14.2&apos;.&#10;&#10;FAILURE: Build failed with an exception.&#10;&#10;* What went wrong:&#10;Could not determine the dependencies of task &apos;:app:lintVitalReportStaging&apos;.&#10;&gt; Could not resolve all task dependencies for configuration &apos;:app:stagingRuntimeClasspath&apos;.&#10;   &gt; Could not resolve project :start.&#10;     Required by:&#10;         project :app&#10;      &gt; No matching variant of project :start was found. The consumer was configured to find a component for use during runtime, preferably optimized for Android, as well as attribute &apos;com.android.build.api.attributes.BuildTypeAttr&apos; with value &apos;staging&apos;, attribute &apos;com.android.build.api.attributes.AgpVersionAttr&apos; with value &apos;8.0.2&apos;, attribute &apos;org.jetbrains.kotlin.platform.type&apos; with value &apos;androidJvm&apos; but:&#10;          - Variant &apos;debugApiElements&apos; capability WeatherApp:start:unspecified declares a component, preferably optimized for Android, as well as attribute &apos;com.android.build.api.attributes.AgpVersionAttr&apos; with value &apos;8.0.2&apos;, attribute &apos;org.jetbrains.kotlin.platform.type&apos; with value &apos;androidJvm&apos;:&#10;              - Incompatible because this component declares a component for use during compile-time, as well as attribute &apos;com.android.build.api.attributes.BuildTypeAttr&apos; with value &apos;debug&apos; and the consumer needed a component for use during runtime, as well as attribute &apos;com.android.build.api.attributes.BuildTypeAttr&apos; with value &apos;staging&apos;&#10;          - Variant &apos;debugRuntimeElements&apos; capability WeatherApp:start:unspecified declares a component for use during runtime, preferably optimized for Android, as well as attribute &apos;com.android.build.api.attributes.AgpVersionAttr&apos; with value &apos;8.0.2&apos;, attribute &apos;org.jetbrains.kotlin.platform.type&apos; with value &apos;androidJvm&apos;:&#10;              - Incompatible because this component declares a component, as well as attribute &apos;com.android.build.api.attributes.BuildTypeAttr&apos; with value &apos;debug&apos; and the consumer needed a component, as well as attribute &apos;com.android.build.api.attributes.BuildTypeAttr&apos; with value &apos;staging&apos;&#10;          - Variant &apos;releaseApiElements&apos; capability WeatherApp:start:unspecified declares a component, preferably optimized for Android, as well as attribute &apos;com.android.build.api.attributes.AgpVersionAttr&apos; with value &apos;8.0.2&apos;, attribute &apos;org.jetbrains.kotlin.platform.type&apos; with value &apos;androidJvm&apos;:&#10;              - Incompatible because this component declares a component for use during compile-time, as well as attribute &apos;com.android.build.api.attributes.BuildTypeAttr&apos; with value &apos;release&apos; and the consumer needed a component for use during runtime, as well as attribute &apos;com.android.build.api.attributes.BuildTypeAttr&apos; with value &apos;staging&apos;&#10;          - Variant &apos;releaseRuntimeElements&apos; capability WeatherApp:start:unspecified declares a component for use during runtime, preferably optimized for Android, as well as attribute &apos;com.android.build.api.attributes.AgpVersionAttr&apos; with value &apos;8.0.2&apos;, attribute &apos;org.jetbrains.kotlin.platform.type&apos; with value &apos;androidJvm&apos;:&#10;              - Incompatible because this component declares a component, as well as attribute &apos;com.android.build.api.attributes.BuildTypeAttr&apos; with value &apos;release&apos; and the consumer needed a component, as well as attribute &apos;com.android.build.api.attributes.BuildTypeAttr&apos; with value &apos;staging&apos;&#10;   &gt; Could not resolve project :auth.&#10;     Required by:&#10;         project :app&#10;      &gt; No matching variant of project :auth was found. The consumer was configured to find a component for use during runtime, preferably optimized for Android, as well as attribute &apos;com.android.build.api.attributes.BuildTypeAttr&apos; with value &apos;staging&apos;, attribute &apos;com.android.build.api.attributes.AgpVersionAttr&apos; with value &apos;8.0.2&apos;, attribute &apos;org.jetbrains.kotlin.platform.type&apos; with value &apos;androidJvm&apos; but:&#10;          - Variant &apos;debugApiElements&apos; capability WeatherApp:auth:unspecified declares a component, preferably optimized for Android, as well as attribute &apos;com.android.build.api.attributes.AgpVersionAttr&apos; with value &apos;8.0.2&apos;, attribute &apos;org.jetbrains.kotlin.platform.type&apos; with value &apos;androidJvm&apos;:&#10;              - Incompatible because this component declares a component for use during compile-time, as well as attribute &apos;com.android.build.api.attributes.BuildTypeAttr&apos; with value &apos;debug&apos; and the consumer needed a component for use during runtime, as well as attribute &apos;com.android.build.api.attributes.BuildTypeAttr&apos; with value &apos;staging&apos;&#10;          - Variant &apos;debugRuntimeElements&apos; capability WeatherApp:auth:unspecified declares a component for use during runtime, preferably optimized for Android, as well as attribute &apos;com.android.build.api.attributes.AgpVersionAttr&apos; with value &apos;8.0.2&apos;, attribute &apos;org.jetbrains.kotlin.platform.type&apos; with value &apos;androidJvm&apos;:&#10;              - Incompatible because this component declares a component, as well as attribute &apos;com.android.build.api.attributes.BuildTypeAttr&apos; with value &apos;debug&apos; and the consumer needed a component, as well as attribute &apos;com.android.build.api.attributes.BuildTypeAttr&apos; with value &apos;staging&apos;&#10;          - Variant &apos;releaseApiElements&apos; capability WeatherApp:auth:unspecified declares a component, preferably optimized for Android, as well as attribute &apos;com.android.build.api.attributes.AgpVersionAttr&apos; with value &apos;8.0.2&apos;, attribute &apos;org.jetbrains.kotlin.platform.type&apos; with value &apos;androidJvm&apos;:&#10;              - Incompatible because this component declares a component for use during compile-time, as well as attribute &apos;com.android.build.api.attributes.BuildTypeAttr&apos; with value &apos;release&apos; and the consumer needed a component for use during runtime, as well as attribute &apos;com.android.build.api.attributes.BuildTypeAttr&apos; with value &apos;staging&apos;&#10;          - Variant &apos;releaseRuntimeElements&apos; capability WeatherApp:auth:unspecified declares a component for use during runtime, preferably optimized for Android, as well as attribute &apos;com.android.build.api.attributes.AgpVersionAttr&apos; with value &apos;8.0.2&apos;, attribute &apos;org.jetbrains.kotlin.platform.type&apos; with value &apos;androidJvm&apos;:&#10;              - Incompatible because this component declares a component, as well as attribute &apos;com.android.build.api.attributes.BuildTypeAttr&apos; with value &apos;release&apos; and the consumer needed a component, as well as attribute &apos;com.android.build.api.attributes.BuildTypeAttr&apos; with value &apos;staging&apos;&#10;&#10;* Try:&#10;&gt; Run with --stacktrace option to get the stack trace.&#10;&gt; Run with --info or --debug option to get more log output.&#10;&gt; Run with --scan to get full insights.&#10;&#10;* Get more help at https://help.gradle.org&#10;&#10;BUILD FAILED in 604ms&#10;" />
        
      </testcase>
    
  </testsuite>
</testsuites>
